[INFO  - 2016-12-07T20:58:42.239Z] GhostDriver - Main - running on port 12376
[INFO  - 2016-12-07T20:58:43.004Z] Session [efd5f210-bcbf-11e6-acb9-1d0589e82bdc] - page.settings - {"XSSAuditingEnabled":false,"javascriptCanCloseWindows":true,"javascriptCanOpenWindows":true,"javascriptEnabled":true,"loadImages":true,"localToRemoteUrlAccessEnabled":false,"userAgent":"Mozilla/5.0 (Windows NT 6.2; WOW64) AppleWebKit/538.1 (KHTML, like Gecko) PhantomJS/2.1.1 Safari/538.1","webSecurityEnabled":true}
[INFO  - 2016-12-07T20:58:43.004Z] Session [efd5f210-bcbf-11e6-acb9-1d0589e82bdc] - page.customHeaders:  - {}
[INFO  - 2016-12-07T20:58:43.009Z] Session [efd5f210-bcbf-11e6-acb9-1d0589e82bdc] - Session.negotiatedCapabilities - {"browserName":"phantomjs","version":"2.1.1","driverName":"ghostdriver","driverVersion":"1.2.0","platform":"windows-10-32bit","javascriptEnabled":true,"takesScreenshot":true,"handlesAlerts":false,"databaseEnabled":false,"locationContextEnabled":false,"applicationCacheEnabled":false,"browserConnectionEnabled":false,"cssSelectorsEnabled":true,"webStorageEnabled":false,"rotatable":false,"acceptSslCerts":false,"nativeEvents":true,"proxy":{"proxyType":"direct"}}
[INFO  - 2016-12-07T20:58:43.009Z] SessionManagerReqHand - _postNewSessionCommand - New Session Created: efd5f210-bcbf-11e6-acb9-1d0589e82bdc
[INFO  - 2016-12-07T21:03:42.237Z] SessionManagerReqHand - _cleanupWindowlessSessions - Asynchronous Sessions clean-up phase starting NOW
[INFO  - 2016-12-07T21:08:42.237Z] SessionManagerReqHand - _cleanupWindowlessSessions - Asynchronous Sessions clean-up phase starting NOW
[INFO  - 2016-12-07T21:13:42.237Z] SessionManagerReqHand - _cleanupWindowlessSessions - Asynchronous Sessions clean-up phase starting NOW
[INFO  - 2016-12-07T21:18:42.238Z] SessionManagerReqHand - _cleanupWindowlessSessions - Asynchronous Sessions clean-up phase starting NOW
[INFO  - 2016-12-07T21:23:42.238Z] SessionManagerReqHand - _cleanupWindowlessSessions - Asynchronous Sessions clean-up phase starting NOW
[INFO  - 2016-12-07T21:28:42.244Z] SessionManagerReqHand - _cleanupWindowlessSessions - Asynchronous Sessions clean-up phase starting NOW
[INFO  - 2016-12-07T21:33:42.244Z] SessionManagerReqHand - _cleanupWindowlessSessions - Asynchronous Sessions clean-up phase starting NOW
[INFO  - 2016-12-07T21:38:42.253Z] SessionManagerReqHand - _cleanupWindowlessSessions - Asynchronous Sessions clean-up phase starting NOW
[INFO  - 2016-12-07T21:43:42.255Z] SessionManagerReqHand - _cleanupWindowlessSessions - Asynchronous Sessions clean-up phase starting NOW
[INFO  - 2016-12-07T21:48:42.258Z] SessionManagerReqHand - _cleanupWindowlessSessions - Asynchronous Sessions clean-up phase starting NOW
[INFO  - 2016-12-07T21:53:42.270Z] SessionManagerReqHand - _cleanupWindowlessSessions - Asynchronous Sessions clean-up phase starting NOW
[INFO  - 2016-12-07T21:58:42.274Z] SessionManagerReqHand - _cleanupWindowlessSessions - Asynchronous Sessions clean-up phase starting NOW
 (https://fr.minergate.com/app.js?t=1:17)
[ERROR - 2016-12-07T21:03:23.392Z] Session [8fd20fb0-bcc0-11e6-966e-afda98c5d295] - page.onError - msg: SyntaxError: DOM Exception 12: An invalid or illegal string was specified.
[ERROR - 2016-12-07T21:03:23.393Z] Session [8fd20fb0-bcc0-11e6-966e-afda98c5d295] - page.onError - stack:
  postMessage (https://fr.minergate.com/slow-hash-worker.min.js:9)
[INFO  - 2016-12-07T21:08:10.997Z] SessionManagerReqHand - _cleanupWindowlessSessions - Asynchronous Sessions clean-up phase starting NOW
[INFO  - 2016-12-07T21:13:11.007Z] SessionManagerReqHand - _cleanupWindowlessSessions - Asynchronous Sessions clean-up phase starting NOW
[INFO  - 2016-12-07T21:18:11.007Z] SessionManagerReqHand - _cleanupWindowlessSessions - Asynchronous Sessions clean-up phase starting NOW
[INFO  - 2016-12-07T21:23:11.007Z] SessionManagerReqHand - _cleanupWindowlessSessions - Asynchronous Sessions clean-up phase starting NOW
[INFO  - 2016-12-07T21:28:11.018Z] SessionManagerReqHand - _cleanupWindowlessSessions - Asynchronous Sessions clean-up phase starting NOW
[INFO  - 2016-12-07T21:33:11.020Z] SessionManagerReqHand - _cleanupWindowlessSessions - Asynchronous Sessions clean-up phase starting NOW
[INFO  - 2016-12-07T21:38:11.021Z] SessionManagerReqHand - _cleanupWindowlessSessions - Asynchronous Sessions clean-up phase starting NOW
[INFO  - 2016-12-07T21:43:11.020Z] SessionManagerReqHand - _cleanupWindowlessSessions - Asynchronous Sessions clean-up phase starting NOW
[INFO  - 2016-12-07T21:48:11.020Z] SessionManagerReqHand - _cleanupWindowlessSessions - Asynchronous Sessions clean-up phase starting NOW
[INFO  - 2016-12-07T21:53:11.024Z] SessionManagerReqHand - _cleanupWindowlessSessions - Asynchronous Sessions clean-up phase starting NOW
[INFO  - 2016-12-07T21:58:11.033Z] SessionManagerReqHand - _cleanupWindowlessSessions - Asynchronous Sessions clean-up phase starting NOW
se.text')
[ERROR - 2016-12-07T21:06:28.062Z] Session [fdec18b0-bcc0-11e6-9905-adf7a64032da] - page.onError - stack:
  (anonymous function) (https://fr.minergate.com/app.js?t=1:17)
[ERROR - 2016-12-07T21:06:29.824Z] Session [fdec18b0-bcc0-11e6-9905-adf7a64032da] - page.onError - msg: SyntaxError: DOM Exception 12: An invalid or illegal string was specified.
[ERROR - 2016-12-07T21:06:29.824Z] Session [fdec18b0-bcc0-11e6-9905-adf7a64032da] - page.onError - stack:
  postMessage (https://fr.minergate.com/slow-hash-worker.min.js:9)
[INFO  - 2016-12-07T21:11:15.776Z] SessionManagerReqHand - _cleanupWindowlessSessions - Asynchronous Sessions clean-up phase starting NOW
[INFO  - 2016-12-07T21:16:15.774Z] SessionManagerReqHand - _cleanupWindowlessSessions - Asynchronous Sessions clean-up phase starting NOW
[INFO  - 2016-12-07T21:21:15.774Z] SessionManagerReqHand - _cleanupWindowlessSessions - Asynchronous Sessions clean-up phase starting NOW
[INFO  - 2016-12-07T21:26:15.774Z] SessionManagerReqHand - _cleanupWindowlessSessions - Asynchronous Sessions clean-up phase starting NOW
[INFO  - 2016-12-07T21:31:15.776Z] SessionManagerReqHand - _cleanupWindowlessSessions - Asynchronous Sessions clean-up phase starting NOW
[INFO  - 2016-12-07T21:36:15.785Z] SessionManagerReqHand - _cleanupWindowlessSessions - Asynchronous Sessions clean-up phase starting NOW
[INFO  - 2016-12-07T21:41:15.785Z] SessionManagerReqHand - _cleanupWindowlessSessions - Asynchronous Sessions clean-up phase starting NOW
[INFO  - 2016-12-07T21:46:15.787Z] SessionManagerReqHand - _cleanupWindowlessSessions - Asynchronous Sessions clean-up phase starting NOW
[INFO  - 2016-12-07T21:51:15.799Z] SessionManagerReqHand - _cleanupWindowlessSessions - Asynchronous Sessions clean-up phase starting NOW
[INFO  - 2016-12-07T21:56:15.813Z] SessionManagerReqHand - _cleanupWindowlessSessions - Asynchronous Sessions clean-up phase starting NOW
[INFO  - 2016-12-07T22:01:15.826Z] SessionManagerReqHand - _cleanupWindowlessSessions - Asynchronous Sessions clean-up phase starting NOW
se.text')
[ERROR - 2016-12-07T21:08:41.652Z] Session [4ddb8180-bcc1-11e6-ac6d-1745c05b5bc9] - page.onError - stack:
  (anonymous function) (https://fr.minergate.com/app.js?t=1:17)
[ERROR - 2016-12-07T21:08:43.689Z] Session [4ddb8180-bcc1-11e6-ac6d-1745c05b5bc9] - page.onError - msg: SyntaxError: DOM Exception 12: An invalid or illegal string was specified.
[ERROR - 2016-12-07T21:08:43.689Z] Session [4ddb8180-bcc1-11e6-ac6d-1745c05b5bc9] - page.onError - stack:
  postMessage (https://fr.minergate.com/slow-hash-worker.min.js:9)
[INFO  - 2016-12-07T21:13:29.865Z] SessionManagerReqHand - _cleanupWindowlessSessions - Asynchronous Sessions clean-up phase starting NOW
[INFO  - 2016-12-07T21:18:29.863Z] SessionManagerReqHand - _cleanupWindowlessSessions - Asynchronous Sessions clean-up phase starting NOW
[INFO  - 2016-12-07T21:23:29.863Z] SessionManagerReqHand - _cleanupWindowlessSessions - Asynchronous Sessions clean-up phase starting NOW
[INFO  - 2016-12-07T21:28:29.869Z] SessionManagerReqHand - _cleanupWindowlessSessions - Asynchronous Sessions clean-up phase starting NOW
[INFO  - 2016-12-07T21:33:29.879Z] SessionManagerReqHand - _cleanupWindowlessSessions - Asynchronous Sessions clean-up phase starting NOW
[INFO  - 2016-12-07T21:38:29.880Z] SessionManagerReqHand - _cleanupWindowlessSessions - Asynchronous Sessions clean-up phase starting NOW
[INFO  - 2016-12-07T21:43:29.880Z] SessionManagerReqHand - _cleanupWindowlessSessions - Asynchronous Sessions clean-up phase starting NOW
[INFO  - 2016-12-07T21:48:29.886Z] SessionManagerReqHand - _cleanupWindowlessSessions - Asynchronous Sessions clean-up phase starting NOW
[INFO  - 2016-12-07T21:53:29.894Z] SessionManagerReqHand - _cleanupWindowlessSessions - Asynchronous Sessions clean-up phase starting NOW
[INFO  - 2016-12-07T21:58:29.898Z] SessionManagerReqHand - _cleanupWindowlessSessions - Asynchronous Sessions clean-up phase starting NOW
bcc1-11e6-b2db-17a2cd20de3c] - page.onError - msg: Unhandled promise rejection TypeError: undefined is not an object (evaluating 'e.response.text')
[ERROR - 2016-12-07T21:09:44.384Z] Session [70a06a50-bcc1-11e6-b2db-17a2cd20de3c] - page.onError - stack:
  (anonymous function) (https://fr.minergate.com/app.js?t=1:17)
[ERROR - 2016-12-07T21:09:49.651Z] Session [70a06a50-bcc1-11e6-b2db-17a2cd20de3c] - page.onError - msg: SyntaxError: DOM Exception 12: An invalid or illegal string was specified.
[ERROR - 2016-12-07T21:09:49.651Z] Session [70a06a50-bcc1-11e6-b2db-17a2cd20de3c] - page.onError - stack:
  postMessage (https://fr.minergate.com/slow-hash-worker.min.js:9)
[INFO  - 2016-12-07T21:14:28.176Z] SessionManagerReqHand - _cleanupWindowlessSessions - Asynchronous Sessions clean-up phase starting NOW
[INFO  - 2016-12-07T21:19:28.177Z] SessionManagerReqHand - _cleanupWindowlessSessions - Asynchronous Sessions clean-up phase starting NOW
[INFO  - 2016-12-07T21:24:28.176Z] SessionManagerReqHand - _cleanupWindowlessSessions - Asynchronous Sessions clean-up phase starting NOW
[INFO  - 2016-12-07T21:29:28.178Z] SessionManagerReqHand - _cleanupWindowlessSessions - Asynchronous Sessions clean-up phase starting NOW
[INFO  - 2016-12-07T21:34:28.190Z] SessionManagerReqHand - _cleanupWindowlessSessions - Asynchronous Sessions clean-up phase starting NOW
[INFO  - 2016-12-07T21:39:28.191Z] SessionManagerReqHand - _cleanupWindowlessSessions - Asynchronous Sessions clean-up phase starting NOW
[INFO  - 2016-12-07T21:44:28.192Z] SessionManagerReqHand - _cleanupWindowlessSessions - Asynchronous Sessions clean-up phase starting NOW
[INFO  - 2016-12-07T21:49:28.192Z] SessionManagerReqHand - _cleanupWindowlessSessions - Asynchronous Sessions clean-up phase starting NOW
[INFO  - 2016-12-07T21:54:28.192Z] SessionManagerReqHand - _cleanupWindowlessSessions - Asynchronous Sessions clean-up phase starting NOW
[INFO  - 2016-12-07T21:59:28.205Z] SessionManagerReqHand - _cleanupWindowlessSessions - Asynchronous Sessions clean-up phase starting NOW
bcc2-11e6-a0df-61b04d8c3b8a] - page.onError - msg: Unhandled promise rejection TypeError: undefined is not an object (evaluating 'e.response.text')
[ERROR - 2016-12-07T21:14:19.080Z] Session [14b98a40-bcc2-11e6-a0df-61b04d8c3b8a] - page.onError - stack:
  (anonymous function) (https://fr.minergate.com/app.js?t=1:17)
[ERROR - 2016-12-07T21:14:24.333Z] Session [14b98a40-bcc2-11e6-a0df-61b04d8c3b8a] - page.onError - msg: SyntaxError: DOM Exception 12: An invalid or illegal string was specified.
[ERROR - 2016-12-07T21:14:24.333Z] Session [14b98a40-bcc2-11e6-a0df-61b04d8c3b8a] - page.onError - stack:
  postMessage (https://fr.minergate.com/slow-hash-worker.min.js:9)
[INFO  - 2016-12-07T21:19:03.487Z] SessionManagerReqHand - _cleanupWindowlessSessions - Asynchronous Sessions clean-up phase starting NOW
[INFO  - 2016-12-07T21:24:03.493Z] SessionManagerReqHand - _cleanupWindowlessSessions - Asynchronous Sessions clean-up phase starting NOW
[INFO  - 2016-12-07T21:29:03.494Z] SessionManagerReqHand - _cleanupWindowlessSessions - Asynchronous Sessions clean-up phase starting NOW
[INFO  - 2016-12-07T21:34:03.509Z] SessionManagerReqHand - _cleanupWindowlessSessions - Asynchronous Sessions clean-up phase starting NOW
[INFO  - 2016-12-07T21:39:03.520Z] SessionManagerReqHand - _cleanupWindowlessSessions - Asynchronous Sessions clean-up phase starting NOW
[INFO  - 2016-12-07T21:44:03.521Z] SessionManagerReqHand - _cleanupWindowlessSessions - Asynchronous Sessions clean-up phase starting NOW
[INFO  - 2016-12-07T21:49:03.524Z] SessionManagerReqHand - _cleanupWindowlessSessions - Asynchronous Sessions clean-up phase starting NOW
[INFO  - 2016-12-07T21:54:03.536Z] SessionManagerReqHand - _cleanupWindowlessSessions - Asynchronous Sessions clean-up phase starting NOW
[INFO  - 2016-12-07T21:59:03.547Z] SessionManagerReqHand - _cleanupWindowlessSessions - Asynchronous Sessions clean-up phase starting NOW
